{"level":"info","message":"Servidor iniciado"}
{"level":"info","message":"Servidor iniciado"}
{"level":"info","message":"GET /api/gps%201-status"}
{"level":"info","message":"GET /api/gps%202-status"}
{"level":"info","message":"GET /api/cellular-status"}
{"level":"info","message":"GET /api/printer-status"}
{"level":"info","message":"GET /api/device%204-status"}
{"level":"info","message":"GET /api/device%205-status"}
{"level":"info","message":"GET /api/device%206-status"}
{"level":"info","message":"GET /api/device%207-status"}
{"level":"info","message":"GET /api/device%208-status"}
{"level":"info","message":"GET /api/device%209-status"}
{"level":"info","message":"GET /api/device%2010-status"}
{"level":"info","message":"GET /api/bts01-status"}
{"level":"info","message":"GET /api/bts02-status"}
{"level":"info","message":"GET /api/bts03-status"}
{"level":"info","message":"GET /api/bts04-status"}
{"level":"info","message":"GET /api/bts05-status"}
{"level":"info","message":"GET /api/gps%201-status"}
{"level":"info","message":"GET /api/gps%202-status"}
{"level":"info","message":"GET /api/cellular-status"}
{"level":"info","message":"GET /api/printer-status"}
{"level":"info","message":"GET /api/device%204-status"}
{"level":"info","message":"GET /api/device%205-status"}
{"level":"info","message":"GET /api/device%206-status"}
{"level":"info","message":"GET /api/device%207-status"}
{"level":"info","message":"GET /api/device%208-status"}
{"level":"info","message":"GET /api/device%209-status"}
{"level":"info","message":"GET /api/device%2010-status"}
{"level":"info","message":"GET /api/bts01-status"}
{"level":"info","message":"GET /api/bts02-status"}
{"level":"info","message":"GET /api/bts03-status"}
{"level":"info","message":"GET /api/bts04-status"}
{"level":"info","message":"GET /api/bts05-status"}
{"level":"info","message":"GET /api/gps%201-status"}
{"level":"info","message":"GET /api/gps%202-status"}
{"level":"info","message":"GET /api/cellular-status"}
{"level":"info","message":"GET /api/printer-status"}
{"level":"info","message":"GET /api/device%204-status"}
{"level":"info","message":"GET /api/device%205-status"}
{"level":"info","message":"GET /api/device%206-status"}
{"level":"info","message":"GET /api/device%207-status"}
{"level":"info","message":"GET /api/device%208-status"}
{"level":"info","message":"GET /api/device%209-status"}
{"level":"info","message":"GET /api/device%2010-status"}
{"level":"info","message":"GET /api/bts01-status"}
{"level":"info","message":"GET /api/bts02-status"}
{"level":"info","message":"GET /api/bts03-status"}
{"level":"info","message":"GET /api/bts04-status"}
{"level":"info","message":"GET /api/bts05-status"}
{"level":"info","message":"GET /api/gps%201-status"}
{"level":"info","message":"GET /api/gps%202-status"}
{"level":"info","message":"GET /api/cellular-status"}
{"level":"info","message":"GET /api/printer-status"}
{"level":"info","message":"GET /api/device%204-status"}
{"level":"info","message":"GET /api/device%205-status"}
{"level":"info","message":"GET /api/device%206-status"}
{"level":"info","message":"GET /api/device%207-status"}
{"level":"info","message":"GET /api/device%208-status"}
{"level":"info","message":"GET /api/device%209-status"}
{"level":"info","message":"GET /api/device%2010-status"}
{"level":"info","message":"GET /api/bts01-status"}
{"level":"info","message":"GET /api/bts02-status"}
{"level":"info","message":"GET /api/bts03-status"}
{"level":"info","message":"GET /api/bts04-status"}
{"level":"info","message":"GET /api/bts05-status"}
{"level":"info","message":"GET /api/gps%201-status"}
{"level":"info","message":"GET /api/cellular-status"}
{"level":"info","message":"GET /api/gps%202-status"}
{"level":"info","message":"GET /api/device%204-status"}
{"level":"info","message":"GET /api/printer-status"}
{"level":"info","message":"GET /api/device%205-status"}
{"level":"info","message":"GET /api/device%206-status"}
{"level":"info","message":"GET /api/device%207-status"}
{"level":"info","message":"GET /api/device%208-status"}
{"level":"info","message":"GET /api/device%209-status"}
{"level":"info","message":"GET /api/device%2010-status"}
{"level":"info","message":"GET /api/bts01-status"}
{"level":"info","message":"GET /api/bts02-status"}
{"level":"info","message":"GET /api/bts03-status"}
{"level":"info","message":"GET /api/bts04-status"}
{"level":"info","message":"GET /api/bts05-status"}
{"level":"info","message":"GET /api/gps%201-status"}
{"level":"info","message":"GET /api/gps%202-status"}
{"level":"info","message":"GET /api/cellular-status"}
{"level":"info","message":"GET /api/printer-status"}
{"level":"info","message":"GET /api/device%204-status"}
{"level":"info","message":"GET /api/device%205-status"}
{"level":"info","message":"GET /api/device%206-status"}
{"level":"info","message":"GET /api/device%207-status"}
{"level":"info","message":"GET /api/device%208-status"}
{"level":"info","message":"GET /api/device%209-status"}
{"level":"info","message":"GET /api/device%2010-status"}
{"level":"info","message":"GET /api/bts01-status"}
{"level":"info","message":"GET /api/bts02-status"}
{"level":"info","message":"GET /api/bts03-status"}
{"level":"info","message":"GET /api/bts04-status"}
{"level":"info","message":"GET /api/bts05-status"}
{"level":"info","message":"GET /api/gps%201-status"}
{"level":"info","message":"GET /api/gps%202-status"}
{"level":"info","message":"GET /api/cellular-status"}
{"level":"info","message":"GET /api/printer-status"}
{"level":"info","message":"GET /api/device%204-status"}
{"level":"info","message":"GET /api/device%205-status"}
{"level":"info","message":"GET /api/device%206-status"}
{"level":"info","message":"GET /api/device%207-status"}
{"level":"info","message":"GET /api/device%208-status"}
{"level":"info","message":"GET /api/device%209-status"}
{"level":"info","message":"GET /api/device%2010-status"}
{"level":"info","message":"GET /api/bts01-status"}
{"level":"info","message":"GET /api/bts02-status"}
{"level":"info","message":"GET /api/bts03-status"}
{"level":"info","message":"GET /api/bts04-status"}
{"level":"info","message":"GET /api/bts05-status"}
{"level":"info","message":"GET /api/gps%201-status"}
{"level":"info","message":"GET /api/gps%202-status"}
{"level":"info","message":"GET /api/cellular-status"}
{"level":"info","message":"GET /api/printer-status"}
{"level":"info","message":"GET /api/device%204-status"}
{"level":"info","message":"GET /api/device%205-status"}
{"level":"info","message":"GET /api/device%206-status"}
{"level":"info","message":"GET /api/device%207-status"}
{"level":"info","message":"GET /api/device%208-status"}
{"level":"info","message":"GET /api/device%209-status"}
{"level":"info","message":"GET /api/device%2010-status"}
{"level":"info","message":"GET /api/bts01-status"}
{"level":"info","message":"GET /api/bts02-status"}
{"level":"info","message":"GET /api/bts03-status"}
{"level":"info","message":"GET /api/bts04-status"}
{"level":"info","message":"GET /api/bts05-status"}
{"level":"info","message":"GET /api/gps%201-status"}
{"level":"info","message":"GET /api/gps%202-status"}
{"level":"info","message":"GET /api/cellular-status"}
{"level":"info","message":"GET /api/printer-status"}
{"level":"info","message":"GET /api/device%204-status"}
{"level":"info","message":"GET /api/device%205-status"}
{"level":"info","message":"GET /api/device%206-status"}
{"level":"info","message":"GET /api/device%207-status"}
{"level":"info","message":"GET /api/device%208-status"}
{"level":"info","message":"GET /api/device%209-status"}
{"level":"info","message":"GET /api/device%2010-status"}
{"level":"info","message":"GET /api/bts01-status"}
{"level":"info","message":"GET /api/bts02-status"}
{"level":"info","message":"GET /api/bts03-status"}
{"level":"info","message":"GET /api/bts04-status"}
{"level":"info","message":"GET /api/bts05-status"}
{"level":"info","message":"GET /api/gps%201-status"}
{"level":"info","message":"GET /api/gps%202-status"}
{"level":"info","message":"GET /api/cellular-status"}
{"level":"info","message":"GET /api/device%204-status"}
{"level":"info","message":"GET /api/printer-status"}
{"level":"info","message":"GET /api/device%205-status"}
{"level":"info","message":"GET /api/device%206-status"}
{"level":"info","message":"GET /api/device%207-status"}
{"level":"info","message":"GET /api/device%208-status"}
{"level":"info","message":"GET /api/device%209-status"}
{"level":"info","message":"GET /api/device%2010-status"}
{"level":"info","message":"GET /api/bts01-status"}
{"level":"info","message":"GET /api/bts02-status"}
{"level":"info","message":"GET /api/bts03-status"}
{"level":"info","message":"GET /api/bts05-status"}
{"level":"info","message":"GET /api/bts04-status"}
{"level":"info","message":"GET /api/gps%201-status"}
{"level":"info","message":"GET /api/cellular-status"}
{"level":"info","message":"GET /api/gps%202-status"}
{"level":"info","message":"GET /api/printer-status"}
{"level":"info","message":"GET /api/device%204-status"}
{"level":"info","message":"GET /api/device%205-status"}
{"level":"info","message":"GET /api/device%206-status"}
{"level":"info","message":"GET /api/device%207-status"}
{"level":"info","message":"GET /api/device%208-status"}
{"level":"info","message":"GET /api/device%209-status"}
{"level":"info","message":"GET /api/device%2010-status"}
{"level":"info","message":"GET /api/bts01-status"}
{"level":"info","message":"GET /api/bts02-status"}
{"level":"info","message":"GET /api/bts03-status"}
{"level":"info","message":"GET /api/bts04-status"}
{"level":"info","message":"GET /api/bts05-status"}
{"level":"info","message":"GET /api/gps%201-status"}
{"level":"info","message":"GET /api/gps%202-status"}
{"level":"info","message":"GET /api/cellular-status"}
{"level":"info","message":"GET /api/device%204-status"}
{"level":"info","message":"GET /api/printer-status"}
{"level":"info","message":"GET /api/device%205-status"}
{"level":"info","message":"GET /api/device%206-status"}
{"level":"info","message":"GET /api/device%207-status"}
{"level":"info","message":"GET /api/device%208-status"}
{"level":"info","message":"GET /api/device%209-status"}
{"level":"info","message":"GET /api/device%2010-status"}
{"level":"info","message":"GET /api/bts01-status"}
{"level":"info","message":"GET /api/bts02-status"}
{"level":"info","message":"GET /api/bts03-status"}
{"level":"info","message":"GET /api/bts04-status"}
{"level":"info","message":"GET /api/bts05-status"}
{"level":"info","message":"GET /api/gps%201-status"}
{"level":"info","message":"GET /api/gps%202-status"}
{"level":"info","message":"GET /api/printer-status"}
{"level":"info","message":"GET /api/cellular-status"}
{"level":"info","message":"GET /api/device%204-status"}
{"level":"info","message":"GET /api/device%205-status"}
{"level":"info","message":"GET /api/device%206-status"}
{"level":"info","message":"GET /api/device%207-status"}
{"level":"info","message":"GET /api/device%208-status"}
{"level":"info","message":"GET /api/device%209-status"}
{"level":"info","message":"GET /api/device%2010-status"}
{"level":"info","message":"GET /api/bts01-status"}
{"level":"info","message":"GET /api/bts02-status"}
{"level":"info","message":"GET /api/bts03-status"}
{"level":"info","message":"GET /api/bts04-status"}
{"level":"info","message":"GET /api/bts05-status"}
{"level":"info","message":"GET /api/gps%201-status"}
{"level":"info","message":"GET /api/gps%202-status"}
{"level":"info","message":"GET /api/printer-status"}
{"level":"info","message":"GET /api/cellular-status"}
{"level":"info","message":"GET /api/device%205-status"}
{"level":"info","message":"GET /api/device%204-status"}
{"level":"info","message":"GET /api/device%206-status"}
{"level":"info","message":"GET /api/device%207-status"}
{"level":"info","message":"GET /api/device%208-status"}
{"level":"info","message":"GET /api/device%209-status"}
{"level":"info","message":"GET /api/device%2010-status"}
{"level":"info","message":"GET /api/bts01-status"}
{"level":"info","message":"GET /api/bts02-status"}
{"level":"info","message":"GET /api/bts03-status"}
{"level":"info","message":"GET /api/bts04-status"}
{"level":"info","message":"GET /api/bts05-status"}
{"level":"info","message":"GET /api/gps%201-status"}
{"level":"info","message":"GET /api/gps%202-status"}
{"level":"info","message":"GET /api/cellular-status"}
{"level":"info","message":"GET /api/device%204-status"}
{"level":"info","message":"GET /api/printer-status"}
{"level":"info","message":"GET /api/device%205-status"}
{"level":"info","message":"GET /api/device%206-status"}
{"level":"info","message":"GET /api/device%207-status"}
{"level":"info","message":"GET /api/device%208-status"}
{"level":"info","message":"GET /api/device%209-status"}
{"level":"info","message":"GET /api/device%2010-status"}
{"level":"info","message":"GET /api/bts01-status"}
{"level":"info","message":"GET /api/bts02-status"}
{"level":"info","message":"GET /api/bts03-status"}
{"level":"info","message":"GET /api/bts05-status"}
{"level":"info","message":"GET /api/bts04-status"}
{"level":"info","message":"GET /api/gps%201-status"}
{"level":"info","message":"GET /api/gps%202-status"}
{"level":"info","message":"GET /api/printer-status"}
{"level":"info","message":"GET /api/cellular-status"}
{"level":"info","message":"GET /api/device%205-status"}
{"level":"info","message":"GET /api/device%204-status"}
{"level":"info","message":"GET /api/device%206-status"}
{"level":"info","message":"GET /api/device%207-status"}
{"level":"info","message":"GET /api/device%208-status"}
{"level":"info","message":"GET /api/device%209-status"}
{"level":"info","message":"GET /api/device%2010-status"}
{"level":"info","message":"GET /api/bts01-status"}
{"level":"info","message":"GET /api/bts02-status"}
{"level":"info","message":"GET /api/bts03-status"}
{"level":"info","message":"GET /api/bts04-status"}
{"level":"info","message":"GET /api/bts05-status"}
{"level":"info","message":"GET /api/gps%201-status"}
{"level":"info","message":"GET /api/cellular-status"}
{"level":"info","message":"GET /api/gps%202-status"}
{"level":"info","message":"GET /api/printer-status"}
{"level":"info","message":"GET /api/device%204-status"}
{"level":"info","message":"GET /api/device%205-status"}
{"level":"info","message":"GET /api/device%206-status"}
{"level":"info","message":"GET /api/device%207-status"}
{"level":"info","message":"GET /api/device%208-status"}
{"level":"info","message":"GET /api/device%209-status"}
{"level":"info","message":"GET /api/device%2010-status"}
{"level":"info","message":"GET /api/bts01-status"}
{"level":"info","message":"GET /api/bts02-status"}
{"level":"info","message":"GET /api/bts03-status"}
{"level":"info","message":"GET /api/bts04-status"}
{"level":"info","message":"GET /api/bts05-status"}
{"level":"info","message":"GET /api/gps%201-status"}
{"level":"info","message":"GET /api/gps%202-status"}
{"level":"info","message":"GET /api/cellular-status"}
{"level":"info","message":"GET /api/printer-status"}
{"level":"info","message":"GET /api/device%204-status"}
{"level":"info","message":"GET /api/device%205-status"}
{"level":"info","message":"GET /api/device%206-status"}
{"level":"info","message":"GET /api/device%207-status"}
{"level":"info","message":"GET /api/device%208-status"}
{"level":"info","message":"GET /api/device%209-status"}
{"level":"info","message":"GET /api/device%2010-status"}
{"level":"info","message":"GET /api/bts01-status"}
{"level":"info","message":"GET /api/bts02-status"}
{"level":"info","message":"GET /api/bts03-status"}
{"level":"info","message":"GET /api/bts04-status"}
{"level":"info","message":"GET /api/bts05-status"}
{"level":"info","message":"GET /api/gps%201-status"}
{"level":"info","message":"GET /api/gps%202-status"}
{"level":"info","message":"GET /api/printer-status"}
{"level":"info","message":"GET /api/cellular-status"}
{"level":"info","message":"GET /api/device%205-status"}
{"level":"info","message":"GET /api/device%204-status"}
{"level":"info","message":"GET /api/device%206-status"}
{"level":"info","message":"GET /api/device%207-status"}
{"level":"info","message":"GET /api/device%208-status"}
{"level":"info","message":"GET /api/device%209-status"}
{"level":"info","message":"GET /api/device%2010-status"}
{"level":"info","message":"GET /api/bts01-status"}
{"level":"info","message":"GET /api/bts02-status"}
{"level":"info","message":"GET /api/bts03-status"}
{"level":"info","message":"GET /api/bts04-status"}
{"level":"info","message":"GET /api/bts05-status"}
{"level":"info","message":"GET /api/gps%201-status"}
{"level":"info","message":"GET /api/gps%202-status"}
{"level":"info","message":"GET /api/printer-status"}
{"level":"info","message":"GET /api/cellular-status"}
{"level":"info","message":"GET /api/device%204-status"}
{"level":"info","message":"GET /api/device%205-status"}
{"level":"info","message":"GET /api/device%206-status"}
{"level":"info","message":"GET /api/device%207-status"}
{"level":"info","message":"GET /api/device%208-status"}
{"level":"info","message":"GET /api/device%209-status"}
{"level":"info","message":"GET /api/device%2010-status"}
{"level":"info","message":"GET /api/bts01-status"}
{"level":"info","message":"GET /api/bts02-status"}
{"level":"info","message":"GET /api/bts03-status"}
{"level":"info","message":"GET /api/bts04-status"}
{"level":"info","message":"GET /api/bts05-status"}
{"level":"info","message":"GET /api/gps%201-status"}
{"level":"info","message":"GET /api/gps%202-status"}
{"level":"info","message":"GET /api/cellular-status"}
{"level":"info","message":"GET /api/device%204-status"}
{"level":"info","message":"GET /api/printer-status"}
{"level":"info","message":"GET /api/device%205-status"}
{"level":"info","message":"GET /api/device%206-status"}
{"level":"info","message":"GET /api/device%207-status"}
{"level":"info","message":"GET /api/device%209-status"}
{"level":"info","message":"GET /api/device%208-status"}
{"level":"info","message":"GET /api/bts01-status"}
{"level":"info","message":"GET /api/device%2010-status"}
{"level":"info","message":"GET /api/bts02-status"}
{"level":"info","message":"GET /api/bts03-status"}
{"level":"info","message":"GET /api/bts04-status"}
{"level":"info","message":"GET /api/bts05-status"}
{"level":"info","message":"GET /api/gps%202-status"}
{"level":"info","message":"GET /api/gps%201-status"}
{"level":"info","message":"GET /api/printer-status"}
{"level":"info","message":"GET /api/cellular-status"}
{"level":"info","message":"GET /api/device%204-status"}
{"level":"info","message":"GET /api/device%205-status"}
{"level":"info","message":"GET /api/device%206-status"}
{"level":"info","message":"GET /api/device%207-status"}
{"level":"info","message":"GET /api/device%208-status"}
{"level":"info","message":"GET /api/device%209-status"}
{"level":"info","message":"GET /api/device%2010-status"}
{"level":"info","message":"GET /api/bts01-status"}
{"level":"info","message":"GET /api/bts02-status"}
{"level":"info","message":"GET /api/bts04-status"}
{"level":"info","message":"GET /api/bts03-status"}
{"level":"info","message":"GET /api/bts05-status"}
{"level":"info","message":"GET /api/gps%201-status"}
{"level":"info","message":"GET /api/gps%202-status"}
{"level":"info","message":"GET /api/printer-status"}
{"level":"info","message":"GET /api/cellular-status"}
{"level":"info","message":"GET /api/device%204-status"}
{"level":"info","message":"GET /api/device%205-status"}
{"level":"info","message":"GET /api/device%206-status"}
{"level":"info","message":"GET /api/device%207-status"}
{"level":"info","message":"GET /api/device%208-status"}
{"level":"info","message":"GET /api/device%209-status"}
{"level":"info","message":"GET /api/device%2010-status"}
{"level":"info","message":"GET /api/bts01-status"}
{"level":"info","message":"GET /api/bts02-status"}
{"level":"info","message":"GET /api/bts03-status"}
{"level":"info","message":"GET /api/bts04-status"}
{"level":"info","message":"GET /api/bts05-status"}
{"level":"info","message":"GET /api/gps%201-status"}
{"level":"info","message":"GET /api/cellular-status"}
{"level":"info","message":"GET /api/printer-status"}
{"level":"info","message":"GET /api/gps%202-status"}
{"level":"info","message":"GET /api/device%204-status"}
{"level":"info","message":"GET /api/device%205-status"}
{"level":"info","message":"GET /api/device%206-status"}
{"level":"info","message":"GET /api/device%207-status"}
{"level":"info","message":"GET /api/device%208-status"}
{"level":"info","message":"GET /api/device%209-status"}
{"level":"info","message":"GET /api/device%2010-status"}
{"level":"info","message":"GET /api/bts01-status"}
{"level":"info","message":"GET /api/bts02-status"}
{"level":"info","message":"GET /api/bts03-status"}
{"level":"info","message":"GET /api/bts04-status"}
{"level":"info","message":"GET /api/bts05-status"}
{"level":"info","message":"GET /api/gps%201-status"}
{"level":"info","message":"GET /api/gps%202-status"}
{"level":"info","message":"GET /api/printer-status"}
{"level":"info","message":"GET /api/cellular-status"}
{"level":"info","message":"GET /api/device%205-status"}
{"level":"info","message":"GET /api/device%204-status"}
{"level":"info","message":"GET /api/device%206-status"}
{"level":"info","message":"GET /api/device%207-status"}
{"level":"info","message":"GET /api/device%208-status"}
{"level":"info","message":"GET /api/device%209-status"}
{"level":"info","message":"GET /api/device%2010-status"}
{"level":"info","message":"GET /api/bts01-status"}
{"level":"info","message":"GET /api/bts02-status"}
{"level":"info","message":"GET /api/bts03-status"}
{"level":"info","message":"GET /api/bts04-status"}
{"level":"info","message":"GET /api/bts05-status"}
{"level":"info","message":"GET /api/gps%201-status"}
{"level":"info","message":"GET /api/cellular-status"}
{"level":"info","message":"GET /api/gps%202-status"}
{"level":"info","message":"GET /api/device%204-status"}
{"level":"info","message":"GET /api/printer-status"}
{"level":"info","message":"GET /api/device%205-status"}
{"level":"info","message":"GET /api/device%206-status"}
{"level":"info","message":"GET /api/device%207-status"}
{"level":"info","message":"GET /api/device%208-status"}
{"level":"info","message":"GET /api/device%209-status"}
{"level":"info","message":"GET /api/device%2010-status"}
{"level":"info","message":"GET /api/bts01-status"}
{"level":"info","message":"GET /api/bts02-status"}
{"level":"info","message":"GET /api/bts03-status"}
{"level":"info","message":"GET /api/bts04-status"}
{"level":"info","message":"GET /api/bts05-status"}
{"level":"info","message":"GET /api/gps%201-status"}
{"level":"info","message":"GET /api/gps%202-status"}
{"level":"info","message":"GET /api/cellular-status"}
{"level":"info","message":"GET /api/device%204-status"}
{"level":"info","message":"GET /api/printer-status"}
{"level":"info","message":"GET /api/device%205-status"}
{"level":"info","message":"GET /api/device%206-status"}
{"level":"info","message":"GET /api/device%207-status"}
{"level":"info","message":"GET /api/device%208-status"}
{"level":"info","message":"GET /api/device%209-status"}
{"level":"info","message":"GET /api/device%2010-status"}
{"level":"info","message":"GET /api/bts01-status"}
{"level":"info","message":"GET /api/bts02-status"}
{"level":"info","message":"GET /api/bts03-status"}
{"level":"info","message":"GET /api/bts04-status"}
{"level":"info","message":"GET /api/bts05-status"}
{"level":"info","message":"GET /api/gps%201-status"}
{"level":"info","message":"GET /api/cellular-status"}
{"level":"info","message":"GET /api/gps%202-status"}
{"level":"info","message":"GET /api/printer-status"}
{"level":"info","message":"GET /api/device%204-status"}
{"level":"info","message":"GET /api/device%205-status"}
{"level":"info","message":"GET /api/device%206-status"}
{"level":"info","message":"GET /api/device%207-status"}
{"level":"info","message":"GET /api/device%208-status"}
{"level":"info","message":"GET /api/device%209-status"}
{"level":"info","message":"GET /api/device%2010-status"}
{"level":"info","message":"GET /api/bts01-status"}
{"level":"info","message":"GET /api/bts02-status"}
{"level":"info","message":"GET /api/bts03-status"}
{"level":"info","message":"GET /api/bts04-status"}
{"level":"info","message":"GET /api/bts05-status"}
{"level":"info","message":"GET /api/gps%201-status"}
{"level":"info","message":"GET /api/gps%202-status"}
{"level":"info","message":"GET /api/cellular-status"}
{"level":"info","message":"GET /api/device%204-status"}
{"level":"info","message":"GET /api/device%205-status"}
{"level":"info","message":"GET /api/printer-status"}
{"level":"info","message":"GET /api/device%206-status"}
{"level":"info","message":"GET /api/device%207-status"}
{"level":"info","message":"GET /api/device%208-status"}
{"level":"info","message":"GET /api/device%209-status"}
{"level":"info","message":"GET /api/device%2010-status"}
{"level":"info","message":"GET /api/bts01-status"}
{"level":"info","message":"GET /api/bts02-status"}
{"level":"info","message":"GET /api/bts03-status"}
{"level":"info","message":"GET /api/bts04-status"}
{"level":"info","message":"GET /api/bts05-status"}
{"level":"info","message":"GET /api/gps%201-status"}
{"level":"info","message":"GET /api/gps%202-status"}
{"level":"info","message":"GET /api/cellular-status"}
{"level":"info","message":"GET /api/printer-status"}
{"level":"info","message":"GET /api/device%205-status"}
{"level":"info","message":"GET /api/device%204-status"}
{"level":"info","message":"GET /api/device%207-status"}
{"level":"info","message":"GET /api/device%206-status"}
{"level":"info","message":"GET /api/device%208-status"}
{"level":"info","message":"GET /api/device%209-status"}
{"level":"info","message":"GET /api/device%2010-status"}
{"level":"info","message":"GET /api/bts01-status"}
{"level":"info","message":"GET /api/bts02-status"}
{"level":"info","message":"GET /api/bts03-status"}
{"level":"info","message":"GET /api/bts04-status"}
{"level":"info","message":"GET /api/bts05-status"}
{"level":"info","message":"GET /api/gps%201-status"}
{"level":"info","message":"GET /api/gps%202-status"}
{"level":"info","message":"GET /api/cellular-status"}
{"level":"info","message":"GET /api/printer-status"}
{"level":"info","message":"GET /api/device%204-status"}
{"level":"info","message":"GET /api/device%205-status"}
{"level":"info","message":"GET /api/device%206-status"}
{"level":"info","message":"GET /api/device%208-status"}
{"level":"info","message":"GET /api/device%207-status"}
{"level":"info","message":"GET /api/device%209-status"}
{"level":"info","message":"GET /api/device%2010-status"}
{"level":"info","message":"GET /api/bts01-status"}
{"level":"info","message":"GET /api/bts02-status"}
{"level":"info","message":"GET /api/bts03-status"}
{"level":"info","message":"GET /api/bts04-status"}
{"level":"info","message":"GET /api/bts05-status"}
{"level":"info","message":"GET /api/gps%201-status"}
{"level":"info","message":"GET /api/cellular-status"}
{"level":"info","message":"GET /api/gps%202-status"}
{"level":"info","message":"GET /api/device%204-status"}
{"level":"info","message":"GET /api/printer-status"}
{"level":"info","message":"GET /api/device%205-status"}
{"level":"info","message":"GET /api/device%206-status"}
{"level":"info","message":"GET /api/device%207-status"}
{"level":"info","message":"GET /api/device%208-status"}
{"level":"info","message":"GET /api/device%209-status"}
{"level":"info","message":"GET /api/device%2010-status"}
{"level":"info","message":"GET /api/bts01-status"}
{"level":"info","message":"GET /api/bts02-status"}
{"level":"info","message":"GET /api/bts03-status"}
{"level":"info","message":"GET /api/bts04-status"}
{"level":"info","message":"GET /api/bts05-status"}
{"level":"info","message":"GET /api/gps%201-status"}
{"level":"info","message":"GET /api/cellular-status"}
{"level":"info","message":"GET /api/gps%202-status"}
{"level":"info","message":"GET /api/printer-status"}
{"level":"info","message":"GET /api/device%205-status"}
{"level":"info","message":"GET /api/device%204-status"}
{"level":"info","message":"GET /api/device%206-status"}
{"level":"info","message":"GET /api/device%207-status"}
{"level":"info","message":"GET /api/device%208-status"}
{"level":"info","message":"GET /api/device%209-status"}
{"level":"info","message":"GET /api/device%2010-status"}
{"level":"info","message":"GET /api/bts01-status"}
{"level":"info","message":"GET /api/bts03-status"}
{"level":"info","message":"GET /api/bts02-status"}
{"level":"info","message":"GET /api/bts04-status"}
{"level":"info","message":"GET /api/bts05-status"}
{"level":"info","message":"GET /api/gps%201-status"}
{"level":"info","message":"GET /api/cellular-status"}
{"level":"info","message":"GET /api/gps%202-status"}
{"level":"info","message":"GET /api/device%204-status"}
{"level":"info","message":"GET /api/printer-status"}
{"level":"info","message":"GET /api/device%205-status"}
{"level":"info","message":"GET /api/device%206-status"}
{"level":"info","message":"GET /api/device%207-status"}
{"level":"info","message":"GET /api/device%208-status"}
{"level":"info","message":"GET /api/device%209-status"}
{"level":"info","message":"GET /api/device%2010-status"}
{"level":"info","message":"GET /api/bts01-status"}
{"level":"info","message":"GET /api/bts02-status"}
{"level":"info","message":"GET /api/bts03-status"}
{"level":"info","message":"GET /api/bts04-status"}
{"level":"info","message":"GET /api/bts05-status"}
{"level":"info","message":"GET /api/gps%201-status"}
{"level":"info","message":"GET /api/gps%202-status"}
{"level":"info","message":"GET /api/cellular-status"}
{"level":"info","message":"GET /api/printer-status"}
{"level":"info","message":"GET /api/device%204-status"}
{"level":"info","message":"GET /api/device%205-status"}
{"level":"info","message":"GET /api/device%206-status"}
{"level":"info","message":"GET /api/device%207-status"}
{"level":"info","message":"GET /api/device%208-status"}
{"level":"info","message":"GET /api/device%209-status"}
{"level":"info","message":"GET /api/device%2010-status"}
{"level":"info","message":"GET /api/bts01-status"}
{"level":"info","message":"GET /api/bts02-status"}
{"level":"info","message":"GET /api/bts03-status"}
{"level":"info","message":"GET /api/bts04-status"}
{"level":"info","message":"GET /api/bts05-status"}
{"level":"info","message":"GET /api/gps%201-status"}
{"level":"info","message":"GET /api/gps%202-status"}
{"level":"info","message":"GET /api/cellular-status"}
{"level":"info","message":"GET /api/device%204-status"}
{"level":"info","message":"GET /api/printer-status"}
{"level":"info","message":"GET /api/device%205-status"}
{"level":"info","message":"GET /api/device%206-status"}
{"level":"info","message":"GET /api/device%207-status"}
{"level":"info","message":"GET /api/device%208-status"}
{"level":"info","message":"GET /api/device%209-status"}
{"level":"info","message":"GET /api/device%2010-status"}
{"level":"info","message":"GET /api/bts01-status"}
{"level":"info","message":"GET /api/bts02-status"}
{"level":"info","message":"GET /api/bts03-status"}
{"level":"info","message":"GET /api/bts05-status"}
{"level":"info","message":"GET /api/bts04-status"}
{"level":"info","message":"GET /api/gps%202-status"}
{"level":"info","message":"GET /api/gps%201-status"}
{"level":"info","message":"GET /api/cellular-status"}
{"level":"info","message":"GET /api/device%204-status"}
{"level":"info","message":"GET /api/printer-status"}
{"level":"info","message":"GET /api/device%205-status"}
{"level":"info","message":"GET /api/device%206-status"}
{"level":"info","message":"GET /api/device%207-status"}
{"level":"info","message":"GET /api/device%209-status"}
{"level":"info","message":"GET /api/device%2010-status"}
{"level":"info","message":"GET /api/device%208-status"}
{"level":"info","message":"GET /api/bts01-status"}
{"level":"info","message":"GET /api/bts03-status"}
{"level":"info","message":"GET /api/bts02-status"}
{"level":"info","message":"GET /api/bts04-status"}
{"level":"info","message":"GET /api/bts05-status"}
{"level":"info","message":"GET /api/gps%201-status"}
{"level":"info","message":"GET /api/gps%202-status"}
{"level":"info","message":"GET /api/cellular-status"}
{"level":"info","message":"GET /api/printer-status"}
{"level":"info","message":"GET /api/device%204-status"}
{"level":"info","message":"GET /api/device%205-status"}
{"level":"info","message":"GET /api/device%206-status"}
{"level":"info","message":"GET /api/device%207-status"}
{"level":"info","message":"GET /api/device%208-status"}
{"level":"info","message":"GET /api/device%209-status"}
{"level":"info","message":"GET /api/device%2010-status"}
{"level":"info","message":"GET /api/bts01-status"}
{"level":"info","message":"GET /api/bts02-status"}
{"level":"info","message":"GET /api/bts03-status"}
{"level":"info","message":"GET /api/bts04-status"}
{"level":"info","message":"GET /api/bts05-status"}
{"level":"info","message":"GET /api/printer-status"}
{"level":"info","message":"GET /api/device%204-status"}
{"level":"info","message":"GET /api/gps%201-status"}
{"level":"info","message":"GET /api/gps%202-status"}
{"level":"info","message":"GET /api/cellular-status"}
{"level":"info","message":"GET /api/device%205-status"}
{"level":"info","message":"GET /api/device%206-status"}
{"level":"info","message":"GET /api/device%207-status"}
{"level":"info","message":"GET /api/device%208-status"}
{"level":"info","message":"GET /api/device%209-status"}
{"level":"info","message":"GET /api/device%2010-status"}
{"level":"info","message":"GET /api/bts01-status"}
{"level":"info","message":"GET /api/bts02-status"}
{"level":"info","message":"GET /api/bts03-status"}
{"level":"info","message":"GET /api/bts04-status"}
{"level":"info","message":"GET /api/bts05-status"}
{"level":"info","message":"GET /api/gps%201-status"}
{"level":"info","message":"GET /api/gps%202-status"}
{"level":"info","message":"GET /api/cellular-status"}
{"level":"info","message":"GET /api/printer-status"}
{"level":"info","message":"GET /api/device%204-status"}
{"level":"info","message":"GET /api/device%205-status"}
{"level":"info","message":"GET /api/device%206-status"}
{"level":"info","message":"GET /api/device%207-status"}
{"level":"info","message":"GET /api/device%208-status"}
{"level":"info","message":"GET /api/device%209-status"}
{"level":"info","message":"GET /api/device%2010-status"}
{"level":"info","message":"GET /api/bts02-status"}
{"level":"info","message":"GET /api/bts01-status"}
{"level":"info","message":"GET /api/bts03-status"}
{"level":"info","message":"GET /api/bts04-status"}
{"level":"info","message":"GET /api/bts05-status"}
{"level":"info","message":"GET /api/gps%201-status"}
{"level":"info","message":"GET /api/gps%202-status"}
{"level":"info","message":"GET /api/cellular-status"}
{"level":"info","message":"GET /api/printer-status"}
{"level":"info","message":"GET /api/device%204-status"}
{"level":"info","message":"GET /api/device%205-status"}
{"level":"info","message":"GET /api/device%206-status"}
{"level":"info","message":"GET /api/device%207-status"}
{"level":"info","message":"GET /api/device%208-status"}
{"level":"info","message":"GET /api/device%209-status"}
{"level":"info","message":"GET /api/device%2010-status"}
{"level":"info","message":"GET /api/bts01-status"}
{"level":"info","message":"GET /api/bts02-status"}
{"level":"info","message":"GET /api/bts03-status"}
{"level":"info","message":"GET /api/bts04-status"}
{"level":"info","message":"GET /api/bts05-status"}
{"level":"info","message":"GET /api/gps%202-status"}
{"level":"info","message":"GET /api/gps%201-status"}
{"level":"info","message":"GET /api/printer-status"}
{"level":"info","message":"GET /api/cellular-status"}
{"level":"info","message":"GET /api/device%205-status"}
{"level":"info","message":"GET /api/device%204-status"}
{"level":"info","message":"GET /api/device%206-status"}
{"level":"info","message":"GET /api/device%207-status"}
{"level":"info","message":"GET /api/device%208-status"}
{"level":"info","message":"GET /api/device%2010-status"}
{"level":"info","message":"GET /api/device%209-status"}
{"level":"info","message":"GET /api/bts01-status"}
{"level":"info","message":"GET /api/bts02-status"}
{"level":"info","message":"GET /api/bts03-status"}
{"level":"info","message":"GET /api/bts04-status"}
{"level":"info","message":"GET /api/bts05-status"}
{"level":"info","message":"GET /api/gps%201-status"}
{"level":"info","message":"GET /api/gps%202-status"}
{"level":"info","message":"GET /api/printer-status"}
{"level":"info","message":"GET /api/cellular-status"}
{"level":"info","message":"GET /api/device%205-status"}
{"level":"info","message":"GET /api/device%204-status"}
{"level":"info","message":"GET /api/device%206-status"}
{"level":"info","message":"GET /api/device%207-status"}
{"level":"info","message":"GET /api/device%208-status"}
{"level":"info","message":"GET /api/device%209-status"}
{"level":"info","message":"GET /api/device%2010-status"}
{"level":"info","message":"GET /api/bts01-status"}
{"level":"info","message":"GET /api/bts02-status"}
{"level":"info","message":"GET /api/bts03-status"}
{"level":"info","message":"GET /api/bts04-status"}
{"level":"info","message":"GET /api/bts05-status"}
{"level":"info","message":"GET /api/gps%201-status"}
{"level":"info","message":"GET /api/cellular-status"}
{"level":"info","message":"GET /api/gps%202-status"}
{"level":"info","message":"GET /api/device%204-status"}
{"level":"info","message":"GET /api/printer-status"}
{"level":"info","message":"GET /api/device%205-status"}
{"level":"info","message":"GET /api/device%206-status"}
{"level":"info","message":"GET /api/device%207-status"}
{"level":"info","message":"GET /api/device%208-status"}
{"level":"info","message":"GET /api/device%209-status"}
{"level":"info","message":"GET /api/device%2010-status"}
{"level":"info","message":"GET /api/bts02-status"}
{"level":"info","message":"GET /api/bts01-status"}
{"level":"info","message":"GET /api/bts03-status"}
{"level":"info","message":"GET /api/bts04-status"}
{"level":"info","message":"GET /api/bts05-status"}
{"level":"info","message":"GET /api/gps%201-status"}
{"level":"info","message":"GET /api/cellular-status"}
{"level":"info","message":"GET /api/gps%202-status"}
{"level":"info","message":"GET /api/device%204-status"}
{"level":"info","message":"GET /api/printer-status"}
{"level":"info","message":"GET /api/device%205-status"}
{"level":"info","message":"GET /api/device%206-status"}
{"level":"info","message":"GET /api/device%207-status"}
{"level":"info","message":"GET /api/device%208-status"}
{"level":"info","message":"GET /api/device%209-status"}
{"level":"info","message":"GET /api/device%2010-status"}
{"level":"info","message":"GET /api/bts01-status"}
{"level":"info","message":"GET /api/bts02-status"}
{"level":"info","message":"GET /api/bts03-status"}
{"level":"info","message":"GET /api/bts04-status"}
{"level":"info","message":"GET /api/bts05-status"}
{"level":"info","message":"GET /api/gps%202-status"}
{"level":"info","message":"GET /api/gps%201-status"}
{"level":"info","message":"GET /api/printer-status"}
{"level":"info","message":"GET /api/cellular-status"}
{"level":"info","message":"GET /api/device%205-status"}
{"level":"info","message":"GET /api/device%204-status"}
{"level":"info","message":"GET /api/device%206-status"}
{"level":"info","message":"GET /api/device%207-status"}
{"level":"info","message":"GET /api/device%208-status"}
{"level":"info","message":"GET /api/device%209-status"}
{"level":"info","message":"GET /api/device%2010-status"}
{"level":"info","message":"GET /api/bts01-status"}
{"level":"info","message":"GET /api/bts02-status"}
{"level":"info","message":"GET /api/bts03-status"}
{"level":"info","message":"GET /api/bts04-status"}
{"level":"info","message":"GET /api/bts05-status"}
{"level":"info","message":"GET /api/gps%201-status"}
{"level":"info","message":"GET /api/gps%202-status"}
{"level":"info","message":"GET /api/printer-status"}
{"level":"info","message":"GET /api/device%204-status"}
{"level":"info","message":"GET /api/cellular-status"}
{"level":"info","message":"GET /api/device%205-status"}
{"level":"info","message":"GET /api/device%206-status"}
{"level":"info","message":"GET /api/device%207-status"}
{"level":"info","message":"GET /api/device%208-status"}
{"level":"info","message":"GET /api/device%209-status"}
{"level":"info","message":"GET /api/device%2010-status"}
{"level":"info","message":"GET /api/bts01-status"}
{"level":"info","message":"GET /api/bts02-status"}
{"level":"info","message":"GET /api/bts03-status"}
{"level":"info","message":"GET /api/bts04-status"}
{"level":"info","message":"GET /api/bts05-status"}
{"level":"info","message":"GET /api/gps%202-status"}
{"level":"info","message":"GET /api/gps%201-status"}
{"level":"info","message":"GET /api/printer-status"}
{"level":"info","message":"GET /api/cellular-status"}
{"level":"info","message":"GET /api/device%205-status"}
{"level":"info","message":"GET /api/device%204-status"}
{"level":"info","message":"GET /api/device%206-status"}
{"level":"info","message":"GET /api/device%207-status"}
{"level":"info","message":"GET /api/device%208-status"}
{"level":"info","message":"GET /api/device%209-status"}
{"level":"info","message":"GET /api/device%2010-status"}
{"level":"info","message":"GET /api/bts01-status"}
{"level":"info","message":"GET /api/bts02-status"}
{"level":"info","message":"GET /api/bts03-status"}
{"level":"info","message":"GET /api/bts04-status"}
{"level":"info","message":"GET /api/bts05-status"}
{"level":"info","message":"GET /api/gps%202-status"}
{"level":"info","message":"GET /api/gps%201-status"}
{"level":"info","message":"GET /api/printer-status"}
{"level":"info","message":"GET /api/cellular-status"}
{"level":"info","message":"GET /api/device%204-status"}
{"level":"info","message":"GET /api/device%205-status"}
{"level":"info","message":"GET /api/device%206-status"}
{"level":"info","message":"GET /api/device%207-status"}
{"level":"info","message":"GET /api/device%208-status"}
{"level":"info","message":"GET /api/device%209-status"}
{"level":"info","message":"GET /api/device%2010-status"}
{"level":"info","message":"GET /api/bts01-status"}
{"level":"info","message":"GET /api/bts02-status"}
{"level":"info","message":"GET /api/bts03-status"}
{"level":"info","message":"GET /api/bts04-status"}
{"level":"info","message":"GET /api/bts05-status"}
{"level":"info","message":"GET /api/gps%201-status"}
{"level":"info","message":"GET /api/gps%202-status"}
{"level":"info","message":"GET /api/device%205-status"}
{"level":"info","message":"GET /api/cellular-status"}
{"level":"info","message":"GET /api/printer-status"}
{"level":"info","message":"GET /api/device%204-status"}
{"level":"info","message":"GET /api/device%206-status"}
{"level":"info","message":"GET /api/bts02-status"}
{"level":"info","message":"GET /api/bts05-status"}
{"level":"info","message":"GET /"}
{"level":"info","message":"GET /api/gps%201-status"}
{"level":"info","message":"GET /api/gps%202-status"}
{"level":"info","message":"GET /api/cellular-status"}
{"level":"info","message":"GET /api/printer-status"}
{"level":"info","message":"GET /api/bts01-status"}
{"level":"info","message":"GET /api/bts02-status"}
{"level":"info","message":"GET /api/bts03-status"}
{"level":"info","message":"GET /api/bts04-status"}
{"level":"info","message":"GET /api/bts05-status"}
{"level":"info","message":"GET /api/gps%201-status"}
{"level":"info","message":"GET /api/gps%202-status"}
{"level":"info","message":"GET /api/cellular-status"}
{"level":"info","message":"GET /api/printer-status"}
{"level":"info","message":"GET /api/bts01-status"}
{"level":"info","message":"GET /api/bts02-status"}
{"level":"info","message":"GET /api/bts03-status"}
{"level":"info","message":"GET /api/bts04-status"}
{"level":"info","message":"GET /api/bts05-status"}
{"level":"info","message":"GET /api/gps%201-status"}
{"level":"info","message":"GET /api/gps%202-status"}
{"level":"info","message":"GET /api/cellular-status"}
{"level":"info","message":"GET /api/printer-status"}
{"level":"info","message":"GET /api/bts01-status"}
{"level":"info","message":"GET /api/bts02-status"}
{"level":"info","message":"GET /api/bts03-status"}
{"level":"info","message":"GET /api/bts04-status"}
{"level":"info","message":"GET /api/bts05-status"}
{"level":"info","message":"GET /api/gps%201-status"}
{"level":"info","message":"GET /api/gps%202-status"}
{"level":"info","message":"GET /api/cellular-status"}
{"level":"info","message":"GET /api/printer-status"}
{"level":"info","message":"GET /api/bts01-status"}
{"level":"info","message":"GET /api/bts02-status"}
{"level":"info","message":"GET /api/bts03-status"}
{"level":"info","message":"GET /api/bts04-status"}
{"level":"info","message":"GET /api/bts05-status"}
{"level":"info","message":"GET /api/gps%201-status"}
{"level":"info","message":"GET /api/gps%202-status"}
{"level":"info","message":"GET /api/cellular-status"}
{"level":"info","message":"GET /api/printer-status"}
{"level":"info","message":"GET /api/bts01-status"}
{"level":"info","message":"GET /api/bts02-status"}
{"level":"info","message":"GET /api/bts03-status"}
{"level":"info","message":"GET /api/bts04-status"}
{"level":"info","message":"GET /api/bts05-status"}
{"level":"info","message":"GET /api/gps%201-status"}
{"level":"info","message":"GET /api/gps%202-status"}
{"level":"info","message":"GET /api/cellular-status"}
{"level":"info","message":"GET /api/printer-status"}
{"level":"info","message":"GET /api/bts01-status"}
{"level":"info","message":"GET /api/bts02-status"}
{"level":"info","message":"GET /api/bts03-status"}
{"level":"info","message":"GET /api/bts04-status"}
{"level":"info","message":"GET /api/bts05-status"}
{"level":"info","message":"GET /api/gps%201-status"}
{"level":"info","message":"GET /api/gps%202-status"}
{"level":"info","message":"GET /api/cellular-status"}
{"level":"info","message":"GET /api/printer-status"}
{"level":"info","message":"GET /api/bts01-status"}
{"level":"info","message":"GET /api/bts02-status"}
{"level":"info","message":"GET /api/bts03-status"}
{"level":"info","message":"GET /api/bts04-status"}
{"level":"info","message":"GET /api/bts05-status"}
{"level":"info","message":"GET /api/gps%201-status"}
{"level":"info","message":"GET /api/gps%202-status"}
{"level":"info","message":"GET /api/cellular-status"}
{"level":"info","message":"GET /api/printer-status"}
{"level":"info","message":"GET /api/bts01-status"}
{"level":"info","message":"GET /api/bts02-status"}
{"level":"info","message":"GET /api/bts03-status"}
{"level":"info","message":"GET /api/bts04-status"}
{"level":"info","message":"GET /api/bts05-status"}
{"level":"info","message":"GET /api/gps%201-status"}
{"level":"info","message":"GET /api/gps%202-status"}
{"level":"info","message":"GET /api/cellular-status"}
{"level":"info","message":"GET /api/printer-status"}
{"level":"info","message":"GET /api/bts01-status"}
{"level":"info","message":"GET /api/bts02-status"}
{"level":"info","message":"GET /api/bts03-status"}
{"level":"info","message":"GET /api/bts04-status"}
{"level":"info","message":"GET /api/bts05-status"}
{"level":"info","message":"GET /api/gps%201-status"}
{"level":"info","message":"GET /api/gps%202-status"}
{"level":"info","message":"GET /api/cellular-status"}
{"level":"info","message":"GET /api/printer-status"}
{"level":"info","message":"GET /api/bts01-status"}
{"level":"info","message":"GET /api/bts02-status"}
{"level":"info","message":"GET /api/bts03-status"}
{"level":"info","message":"GET /api/bts04-status"}
{"level":"info","message":"GET /api/bts05-status"}
{"level":"info","message":"GET /api/gps1-status"}
{"level":"info","message":"GET /api/gps2-status"}
{"level":"info","message":"GET /api/cellular-status"}
{"level":"info","message":"GET /api/printer-status"}
{"level":"info","message":"GET /api/bts01-status"}
{"level":"info","message":"GET /api/bts02-status"}
{"level":"info","message":"GET /api/bts03-status"}
{"level":"info","message":"GET /api/bts04-status"}
{"level":"info","message":"GET /api/bts05-status"}
{"level":"info","message":"GET /api/gps1-status"}
{"level":"info","message":"GET /api/gps2-status"}
{"level":"info","message":"GET /api/cellular-status"}
{"level":"info","message":"GET /api/printer-status"}
{"level":"info","message":"GET /api/bts01-status"}
{"level":"info","message":"GET /api/bts02-status"}
{"level":"info","message":"GET /api/bts03-status"}
{"level":"info","message":"GET /api/bts04-status"}
{"level":"info","message":"GET /api/bts05-status"}
{"level":"info","message":"Servidor iniciado"}
{"level":"info","message":"GET /api/gps1-status"}
{"level":"info","message":"GET /api/gps2-status"}
{"level":"info","message":"GET /api/cellular-status"}
{"level":"info","message":"GET /api/printer-status"}
{"level":"info","message":"GET /api/bts01-status"}
{"level":"info","message":"GET /api/bts02-status"}
{"level":"info","message":"GET /api/bts03-status"}
{"level":"info","message":"GET /api/bts04-status"}
{"level":"info","message":"GET /api/bts05-status"}
{"level":"info","message":"GET /api/gps1-status"}
{"level":"info","message":"GET /api/gps2-status"}
{"level":"info","message":"GET /api/cellular-status"}
{"level":"info","message":"GET /api/printer-status"}
{"level":"info","message":"GET /api/bts01-status"}
{"level":"info","message":"GET /api/bts02-status"}
{"level":"info","message":"GET /api/bts03-status"}
{"level":"info","message":"GET /api/bts04-status"}
{"level":"info","message":"GET /api/bts05-status"}
{"level":"info","message":"GET /api/gps1-status"}
{"level":"info","message":"GET /api/cellular-status"}
{"level":"info","message":"GET /api/gps2-status"}
{"level":"info","message":"GET /api/bts01-status"}
{"level":"info","message":"GET /api/printer-status"}
{"level":"info","message":"GET /api/bts02-status"}
{"level":"info","message":"GET /api/bts03-status"}
{"level":"info","message":"GET /api/bts04-status"}
{"level":"info","message":"GET /api/bts05-status"}
{"level":"info","message":"GET /api/gps1-status"}
{"level":"info","message":"GET /api/cellular-status"}
{"level":"info","message":"GET /api/gps2-status"}
{"level":"info","message":"GET /api/bts01-status"}
{"level":"info","message":"GET /api/printer-status"}
{"level":"info","message":"GET /api/bts02-status"}
{"level":"info","message":"GET /api/bts03-status"}
{"level":"info","message":"GET /api/bts04-status"}
{"level":"info","message":"GET /api/bts05-status"}
{"level":"info","message":"GET /api/gps1-status"}
{"level":"info","message":"GET /api/gps2-status"}
{"level":"info","message":"GET /api/cellular-status"}
{"level":"info","message":"GET /api/printer-status"}
{"level":"info","message":"GET /api/bts01-status"}
{"level":"info","message":"GET /api/bts02-status"}
{"level":"info","message":"GET /api/bts03-status"}
{"level":"info","message":"GET /api/bts04-status"}
{"level":"info","message":"GET /api/bts05-status"}
{"level":"info","message":"GET /api/gps1-status"}
{"level":"info","message":"GET /api/gps2-status"}
{"level":"info","message":"GET /api/cellular-status"}
{"level":"info","message":"GET /api/printer-status"}
{"level":"info","message":"GET /api/bts01-status"}
{"level":"info","message":"GET /api/bts02-status"}
{"level":"info","message":"GET /api/bts03-status"}
{"level":"info","message":"GET /api/bts04-status"}
{"level":"info","message":"GET /api/bts05-status"}
